This is pdfTeX, Version 3.141592653-2.6-1.40.25 (TeX Live 2023) (preloaded format=pdflatex 2023.12.27)  9 JAN 2024 10:39
entering extended mode
 \write18 enabled.
 file:line:error style messages enabled.
 %&-line parsing enabled.
**c:/Users/i.sena/Documents/tesi/Tesi_Ilaria_Sena/tesiLatex/main.tex
(c:/Users/i.sena/Documents/tesi/Tesi_Ilaria_Sena/tesiLatex/main.tex
LaTeX2e <2023-11-01>
L3 programming layer <2023-12-11>
(c:/texlive/2023/texmf-dist/tex/latex/base/report.cls
Document Class: report 2023/05/17 v1.4n Standard LaTeX document class
(c:/texlive/2023/texmf-dist/tex/latex/base/size10.clo
File: size10.clo 2023/05/17 v1.4n Standard LaTeX file (size option)
)
\c@part=\count187
\c@chapter=\count188
\c@section=\count189
\c@subsection=\count190
\c@subsubsection=\count191
\c@paragraph=\count192
\c@subparagraph=\count193
\c@figure=\count194
\c@table=\count195
\abovecaptionskip=\skip48
\belowcaptionskip=\skip49
\bibindent=\dimen140
) (c:/texlive/2023/texmf-dist/tex/latex/base/inputenc.sty
Package: inputenc 2021/02/14 v1.3d Input encoding file
\inpenc@prehook=\toks17
\inpenc@posthook=\toks18
) (c:/texlive/2023/texmf-dist/tex/latex/base/fontenc.sty
Package: fontenc 2021/04/29 v2.0v Standard LaTeX package
) (c:/texlive/2023/texmf-dist/tex/latex/geometry/geometry.sty
Package: geometry 2020/01/02 v5.9 Page Geometry
 (c:/texlive/2023/texmf-dist/tex/latex/graphics/keyval.sty
Package: keyval 2022/05/29 v1.15 key=value parser (DPC)
\KV@toks@=\toks19
) (c:/texlive/2023/texmf-dist/tex/generic/iftex/ifvtex.sty
Package: ifvtex 2019/10/25 v1.7 ifvtex legacy package. Use iftex instead.
 (c:/texlive/2023/texmf-dist/tex/generic/iftex/iftex.sty
Package: iftex 2022/02/03 v1.0f TeX engine tests
))
\Gm@cnth=\count196
\Gm@cntv=\count197
\c@Gm@tempcnt=\count198
\Gm@bindingoffset=\dimen141
\Gm@wd@mp=\dimen142
\Gm@odd@mp=\dimen143
\Gm@even@mp=\dimen144
\Gm@layoutwidth=\dimen145
\Gm@layoutheight=\dimen146
\Gm@layouthoffset=\dimen147
\Gm@layoutvoffset=\dimen148
\Gm@dimlist=\toks20
) (c:/texlive/2023/texmf-dist/tex/latex/koma-script/scrextend.sty
Package: scrextend 2023/07/07 v3.41 KOMA-Script package (extend other classes with features of KOMA-Script classes)
 (c:/texlive/2023/texmf-dist/tex/latex/koma-script/scrkbase.sty
Package: scrkbase 2023/07/07 v3.41 KOMA-Script package (KOMA-Script-dependent basics and keyval usage)
 (c:/texlive/2023/texmf-dist/tex/latex/koma-script/scrbase.sty
Package: scrbase 2023/07/07 v3.41 KOMA-Script package (KOMA-Script-independent basics and keyval usage)
 (c:/texlive/2023/texmf-dist/tex/latex/koma-script/scrlfile.sty
Package: scrlfile 2023/07/07 v3.41 KOMA-Script package (file load hooks)
 (c:/texlive/2023/texmf-dist/tex/latex/koma-script/scrlfile-hook.sty
Package: scrlfile-hook 2023/07/07 v3.41 KOMA-Script package (using LaTeX hooks)
 (c:/texlive/2023/texmf-dist/tex/latex/koma-script/scrlogo.sty
Package: scrlogo 2023/07/07 v3.41 KOMA-Script package (logo)
)))
Applying: [2021/05/01] Usage of raw or classic option list on input line 252.
Already applied: [0000/00/00] Usage of raw or classic option list on input line 368.
)))
Package scrextend Info: File `scrsize12pt.clo' used to setup font sizes on input line 12.
 (c:/texlive/2023/texmf-dist/tex/latex/koma-script/scrsize12pt.clo
File: scrsize12pt.clo 2023/07/07 v3.41 KOMA-Script font size class option (12pt)
) (c:/texlive/2023/texmf-dist/tex/generic/babel/babel.sty
Package: babel 2023/12/10 v3.99 The Babel package
\babel@savecnt=\count199
\U@D=\dimen149
\l@unhyphenated=\language89
 (c:/texlive/2023/texmf-dist/tex/generic/babel/txtbabel.def)
\bbl@readstream=\read2
\bbl@dirlevel=\count266
 (c:/texlive/2023/texmf-dist/tex/generic/babel-english/english.ldf
Language: english 2017/06/06 v3.3r English support from the babel system
Package babel Info: Hyphen rules for 'canadian' set to \l@english
(babel)             (\language0). Reported on input line 102.
Package babel Info: Hyphen rules for 'australian' set to \l@ukenglish
(babel)             (\language23). Reported on input line 105.
Package babel Info: Hyphen rules for 'newzealand' set to \l@ukenglish
(babel)             (\language23). Reported on input line 108.
) (c:/texlive/2023/texmf-dist/tex/generic/babel-italian/italian.ldf
Language: italian 2022/03/27 v.1.4.07 Italian support for the babel system
\it@lettering=\count267
\it@doublequoteactive=\count268
\it@ISOcompliance=\count269
)) (c:/texlive/2023/texmf-dist/tex/generic/babel/locale/it/babel-italian.tex
Package babel Info: Importing font and identification data for italian
(babel)             from babel-it.ini. Reported on input line 11.
) (c:/texlive/2023/texmf-dist/tex/generic/babel/locale/en/babel-english.tex
Package babel Info: Importing font and identification data for english
(babel)             from babel-en.ini. Reported on input line 11.
) (c:/texlive/2023/texmf-dist/tex/latex/etoolbox/etoolbox.sty
Package: etoolbox 2020/10/05 v2.5k e-TeX tools for LaTeX (JAW)
\etb@tempcnta=\count270
) (c:/texlive/2023/texmf-dist/tex/latex/babelbib/babelbib.sty
Package: babelbib 2021/01/06 v1.34 babelbib: multilingual bibliographies
\c@btxromaniannumeral=\count271
) (c:/texlive/2023/texmf-dist/tex/latex/lipsum/lipsum.sty (c:/texlive/2023/texmf-dist/tex/latex/l3packages/l3keys2e/l3keys2e.sty (c:/texlive/2023/texmf-dist/tex/latex/l3kernel/expl3.sty
Package: expl3 2023-12-11 L3 programming layer (loader) 
 (c:/texlive/2023/texmf-dist/tex/latex/l3backend/l3backend-pdftex.def
File: l3backend-pdftex.def 2023-11-09 L3 backend support: PDF output (pdfTeX)
\l__color_backend_stack_int=\count272
\l__pdf_internal_box=\box51
))
Package: l3keys2e 2023-10-10 LaTeX2e option processing using LaTeX3 keys
)
Package: lipsum 2021-09-20 v2.7 150 paragraphs of Lorem Ipsum dummy text
\g__lipsum_par_int=\count273
\l__lipsum_a_int=\count274
\l__lipsum_b_int=\count275
 (c:/texlive/2023/texmf-dist/tex/latex/lipsum/lipsum.ltd.tex)) (c:/texlive/2023/texmf-dist/tex/latex/graphics/rotating.sty
Package: rotating 2016/08/11 v2.16d rotated objects in LaTeX
 (c:/texlive/2023/texmf-dist/tex/latex/graphics/graphicx.sty
Package: graphicx 2021/09/16 v1.2d Enhanced LaTeX Graphics (DPC,SPQR)
 (c:/texlive/2023/texmf-dist/tex/latex/graphics/graphics.sty
Package: graphics 2022/03/10 v1.4e Standard LaTeX Graphics (DPC,SPQR)
 (c:/texlive/2023/texmf-dist/tex/latex/graphics/trig.sty
Package: trig 2021/08/11 v1.11 sin cos tan (DPC)
) (c:/texlive/2023/texmf-dist/tex/latex/graphics-cfg/graphics.cfg
File: graphics.cfg 2016/06/04 v1.11 sample graphics configuration
)
Package graphics Info: Driver file: pdftex.def on input line 107.
 (c:/texlive/2023/texmf-dist/tex/latex/graphics-def/pdftex.def
File: pdftex.def 2022/09/22 v1.2b Graphics/color driver for pdftex
))
\Gin@req@height=\dimen150
\Gin@req@width=\dimen151
) (c:/texlive/2023/texmf-dist/tex/latex/base/ifthen.sty
Package: ifthen 2022/04/13 v1.1d Standard LaTeX ifthen package (DPC)
)
\c@r@tfl@t=\count276
\rotFPtop=\skip50
\rotFPbot=\skip51
\rot@float@box=\box52
\rot@mess@toks=\toks21
) (c:/texlive/2023/texmf-dist/tex/latex/fancyhdr/fancyhdr.sty
Package: fancyhdr 2022/11/09 v4.1 Extensive control of page headers and footers
\f@nch@headwidth=\skip52
\f@nch@O@elh=\skip53
\f@nch@O@erh=\skip54
\f@nch@O@olh=\skip55
\f@nch@O@orh=\skip56
\f@nch@O@elf=\skip57
\f@nch@O@erf=\skip58
\f@nch@O@olf=\skip59
\f@nch@O@orf=\skip60
) (c:/texlive/2023/texmf-dist/tex/latex/ragged2e/ragged2e.sty
Package: ragged2e 2023/06/22 v3.6 ragged2e Package
\CenteringLeftskip=\skip61
\RaggedLeftLeftskip=\skip62
\RaggedRightLeftskip=\skip63
\CenteringRightskip=\skip64
\RaggedLeftRightskip=\skip65
\RaggedRightRightskip=\skip66
\CenteringParfillskip=\skip67
\RaggedLeftParfillskip=\skip68
\RaggedRightParfillskip=\skip69
\JustifyingParfillskip=\skip70
\CenteringParindent=\skip71
\RaggedLeftParindent=\skip72
\RaggedRightParindent=\skip73
\JustifyingParindent=\skip74
) (c:/texlive/2023/texmf-dist/tex/latex/float/float.sty
Package: float 2001/11/08 v1.3d Float enhancements (AL)
\c@float@type=\count277
\float@exts=\toks22
\float@box=\box53
\@float@everytoks=\toks23
\@floatcapt=\box54
) (c:/texlive/2023/texmf-dist/tex/latex/xcolor/xcolor.sty
Package: xcolor 2023/11/15 v3.01 LaTeX color extensions (UK)
 (c:/texlive/2023/texmf-dist/tex/latex/graphics-cfg/color.cfg
File: color.cfg 2016/01/02 v1.6 sample color configuration
)
Package xcolor Info: Driver file: pdftex.def on input line 274.
 (c:/texlive/2023/texmf-dist/tex/latex/graphics/mathcolor.ltx)
Package xcolor Info: Model `cmy' substituted by `cmy0' on input line 1350.
Package xcolor Info: Model `hsb' substituted by `rgb' on input line 1354.
Package xcolor Info: Model `RGB' extended on input line 1366.
Package xcolor Info: Model `HTML' substituted by `rgb' on input line 1368.
Package xcolor Info: Model `Hsb' substituted by `hsb' on input line 1369.
Package xcolor Info: Model `tHsb' substituted by `hsb' on input line 1370.
Package xcolor Info: Model `HSB' substituted by `hsb' on input line 1371.
Package xcolor Info: Model `Gray' substituted by `gray' on input line 1372.
Package xcolor Info: Model `wave' substituted by `hsb' on input line 1373.
) (c:/texlive/2023/texmf-dist/tex/latex/graphics/dvipsnam.def
File: dvipsnam.def 2016/06/17 v3.0m Driver-dependent file (DPC,SPQR)
) (c:/texlive/2023/texmf-dist/tex/latex/colortbl/colortbl.sty
Package: colortbl 2022/06/20 v1.0f Color table columns (DPC)
 (c:/texlive/2023/texmf-dist/tex/latex/tools/array.sty
Package: array 2023/10/16 v2.5g Tabular extension package (FMi)
\col@sep=\dimen152
\ar@mcellbox=\box55
\extrarowheight=\dimen153
\NC@list=\toks24
\extratabsurround=\skip75
\backup@length=\skip76
\ar@cellbox=\box56
)
\everycr=\toks25
\minrowclearance=\skip77
\rownum=\count278
) (c:/texlive/2023/texmf-dist/tex/latex/listings/listings.sty
\lst@mode=\count279
\lst@gtempboxa=\box57
\lst@token=\toks26
\lst@length=\count280
\lst@currlwidth=\dimen154
\lst@column=\count281
\lst@pos=\count282
\lst@lostspace=\dimen155
\lst@width=\dimen156
\lst@newlines=\count283
\lst@lineno=\count284
\lst@maxwidth=\dimen157
 (c:/texlive/2023/texmf-dist/tex/latex/listings/lstmisc.sty
File: lstmisc.sty 2023/02/27 1.9 (Carsten Heinz)
\c@lstnumber=\count285
\lst@skipnumbers=\count286
\lst@framebox=\box58
) (c:/texlive/2023/texmf-dist/tex/latex/listings/listings.cfg
File: listings.cfg 2023/02/27 1.9 listings configuration
))
Package: listings 2023/02/27 1.9 (Carsten Heinz)
 (c:/texlive/2023/texmf-dist/tex/latex/hyperref/hyperref.sty
Package: hyperref 2023-11-26 v7.01g Hypertext links for LaTeX
 (c:/texlive/2023/texmf-dist/tex/generic/infwarerr/infwarerr.sty
Package: infwarerr 2019/12/03 v1.5 Providing info/warning/error messages (HO)
) (c:/texlive/2023/texmf-dist/tex/latex/kvsetkeys/kvsetkeys.sty
Package: kvsetkeys 2022-10-05 v1.19 Key value parser (HO)
) (c:/texlive/2023/texmf-dist/tex/generic/kvdefinekeys/kvdefinekeys.sty
Package: kvdefinekeys 2019-12-19 v1.6 Define keys (HO)
) (c:/texlive/2023/texmf-dist/tex/generic/pdfescape/pdfescape.sty
Package: pdfescape 2019/12/09 v1.15 Implements pdfTeX's escape features (HO)
 (c:/texlive/2023/texmf-dist/tex/generic/ltxcmds/ltxcmds.sty
Package: ltxcmds 2023-12-04 v1.26 LaTeX kernel commands for general use (HO)
) (c:/texlive/2023/texmf-dist/tex/generic/pdftexcmds/pdftexcmds.sty
Package: pdftexcmds 2020-06-27 v0.33 Utility functions of pdfTeX for LuaTeX (HO)
Package pdftexcmds Info: \pdf@primitive is available.
Package pdftexcmds Info: \pdf@ifprimitive is available.
Package pdftexcmds Info: \pdfdraftmode found.
)) (c:/texlive/2023/texmf-dist/tex/latex/hycolor/hycolor.sty
Package: hycolor 2020-01-27 v1.10 Color options for hyperref/bookmark (HO)
) (c:/texlive/2023/texmf-dist/tex/latex/letltxmacro/letltxmacro.sty
Package: letltxmacro 2019/12/03 v1.6 Let assignment for LaTeX macros (HO)
) (c:/texlive/2023/texmf-dist/tex/latex/auxhook/auxhook.sty
Package: auxhook 2019-12-17 v1.6 Hooks for auxiliary files (HO)
) (c:/texlive/2023/texmf-dist/tex/latex/hyperref/nameref.sty
Package: nameref 2023-11-26 v2.56 Cross-referencing by name of section
 (c:/texlive/2023/texmf-dist/tex/latex/refcount/refcount.sty
Package: refcount 2019/12/15 v3.6 Data extraction from label references (HO)
) (c:/texlive/2023/texmf-dist/tex/generic/gettitlestring/gettitlestring.sty
Package: gettitlestring 2019/12/15 v1.6 Cleanup title references (HO)
 (c:/texlive/2023/texmf-dist/tex/latex/kvoptions/kvoptions.sty
Package: kvoptions 2022-06-15 v3.15 Key value format for package options (HO)
))
\c@section@level=\count287
)
\@linkdim=\dimen158
\Hy@linkcounter=\count288
\Hy@pagecounter=\count289
 (c:/texlive/2023/texmf-dist/tex/latex/hyperref/pd1enc.def
File: pd1enc.def 2023-11-26 v7.01g Hyperref: PDFDocEncoding definition (HO)
Now handling font encoding PD1 ...
... no UTF-8 mapping file for font encoding PD1
) (c:/texlive/2023/texmf-dist/tex/generic/intcalc/intcalc.sty
Package: intcalc 2019/12/15 v1.3 Expandable calculations with integers (HO)
)
\Hy@SavedSpaceFactor=\count290
 (c:/texlive/2023/texmf-dist/tex/latex/hyperref/puenc.def
File: puenc.def 2023-11-26 v7.01g Hyperref: PDF Unicode definition (HO)
Now handling font encoding PU ...
... no UTF-8 mapping file for font encoding PU
)
Package hyperref Info: Option `colorlinks' set `true' on input line 4064.
Package hyperref Info: Hyper figures OFF on input line 4181.
Package hyperref Info: Link nesting OFF on input line 4186.
Package hyperref Info: Hyper index ON on input line 4189.
Package hyperref Info: Plain pages OFF on input line 4196.
Package hyperref Info: Backreferencing OFF on input line 4201.
Package hyperref Info: Implicit mode ON; LaTeX internals redefined.
Package hyperref Info: Bookmarks ON on input line 4448.
\c@Hy@tempcnt=\count291
 (c:/texlive/2023/texmf-dist/tex/latex/url/url.sty
\Urlmuskip=\muskip16
Package: url 2013/09/16  ver 3.4  Verb mode for urls, etc.
)
LaTeX Info: Redefining \url on input line 4786.
\XeTeXLinkMargin=\dimen159
 (c:/texlive/2023/texmf-dist/tex/generic/bitset/bitset.sty
Package: bitset 2019/12/09 v1.3 Handle bit-vector datatype (HO)
 (c:/texlive/2023/texmf-dist/tex/generic/bigintcalc/bigintcalc.sty
Package: bigintcalc 2019/12/15 v1.5 Expandable calculations on big integers (HO)
))
\Fld@menulength=\count292
\Field@Width=\dimen160
\Fld@charsize=\dimen161
Package hyperref Info: Hyper figures OFF on input line 6065.
Package hyperref Info: Link nesting OFF on input line 6070.
Package hyperref Info: Hyper index ON on input line 6073.
Package hyperref Info: backreferencing OFF on input line 6080.
Package hyperref Info: Link coloring ON on input line 6083.
Package hyperref Info: Link coloring with OCG OFF on input line 6090.
Package hyperref Info: PDF/A mode OFF on input line 6095.
 (c:/texlive/2023/texmf-dist/tex/latex/base/atbegshi-ltx.sty
Package: atbegshi-ltx 2021/01/10 v1.0c Emulation of the original atbegshi
package with kernel methods
)
\Hy@abspage=\count293
\c@Item=\count294
\c@Hfootnote=\count295
)
Package hyperref Info: Driver (autodetected): hpdftex.
 (c:/texlive/2023/texmf-dist/tex/latex/hyperref/hpdftex.def
File: hpdftex.def 2023-11-26 v7.01g Hyperref driver for pdfTeX
 (c:/texlive/2023/texmf-dist/tex/latex/base/atveryend-ltx.sty
Package: atveryend-ltx 2020/08/19 v1.0a Emulation of the original atveryend package
with kernel methods
)
\Fld@listcount=\count296
\c@bookmark@seq@number=\count297
 (c:/texlive/2023/texmf-dist/tex/latex/rerunfilecheck/rerunfilecheck.sty
Package: rerunfilecheck 2022-07-10 v1.10 Rerun checks for auxiliary files (HO)
 (c:/texlive/2023/texmf-dist/tex/generic/uniquecounter/uniquecounter.sty
Package: uniquecounter 2019/12/15 v1.4 Provide unlimited unique counter (HO)
)
Package uniquecounter Info: New unique counter `rerunfilecheck' on input line 285.
)
\Hy@SectionHShift=\skip78
) (c:/texlive/2023/texmf-dist/tex/generic/ulem/ulem.sty
\UL@box=\box59
\UL@hyphenbox=\box60
\UL@skip=\skip79
\UL@hook=\toks27
\UL@height=\dimen162
\UL@pe=\count298
\UL@pixel=\dimen163
\ULC@box=\box61
Package: ulem 2019/11/18
\ULdepth=\dimen164
) (c:/texlive/2023/texmf-dist/tex/latex/xpatch/xpatch.sty
Package: xpatch 2020/03/25 v0.3a Extending etoolbox patching commands
 (c:/texlive/2023/texmf-dist/tex/latex/l3packages/xparse/xparse.sty
Package: xparse 2023-10-10 L3 Experimental document command parser
)) (c:/texlive/2023/texmf-dist/tex/latex/enumitem/enumitem.sty
Package: enumitem 2019/06/20 v3.9 Customized lists
\labelindent=\skip80
\enit@outerparindent=\dimen165
\enit@toks=\toks28
\enit@inbox=\box62
\enit@count@id=\count299
\enitdp@description=\count300
) (c:/texlive/2023/texmf-dist/tex/latex/minted/minted.sty
Package: minted 2023/12/18 v2.9 Yet another Pygments shim for LaTeX
 (c:/texlive/2023/texmf-dist/tex/latex/fvextra/fvextra.sty
Package: fvextra 2023/11/28 v1.6.1 fvextra - extensions and patches for fancyvrb
 (c:/texlive/2023/texmf-dist/tex/latex/fancyvrb/fancyvrb.sty
Package: fancyvrb 2023/11/06 4.5b verbatim text (tvz,hv)
\FV@CodeLineNo=\count301
\FV@InFile=\read3
\FV@TabBox=\box63
\c@FancyVerbLine=\count302
\FV@StepNumber=\count303
\FV@OutFile=\write3
) (c:/texlive/2023/texmf-dist/tex/latex/upquote/upquote.sty
Package: upquote 2012/04/19 v1.3 upright-quote and grave-accent glyphs in verbatim
 (c:/texlive/2023/texmf-dist/tex/latex/base/textcomp.sty
Package: textcomp 2020/02/02 v2.0n Standard LaTeX package
)) (c:/texlive/2023/texmf-dist/tex/latex/lineno/lineno.sty
Package: lineno 2023/05/20 line numbers on paragraphs v5.3
\linenopenalty=\count304
\output=\toks29
\linenoprevgraf=\count305
\linenumbersep=\dimen166
\linenumberwidth=\dimen167
\c@linenumber=\count306
\c@pagewiselinenumber=\count307
\c@LN@truepage=\count308
\c@internallinenumber=\count309
\c@internallinenumbers=\count310
\quotelinenumbersep=\dimen168
\bframerule=\dimen169
\bframesep=\dimen170
\bframebox=\box64
LaTeX Info: Redefining \\ on input line 3180.
)
\c@FancyVerbWriteLine=\count311
\c@FancyVerbBufferIndex=\count312
\c@FancyVerbBufferLength=\count313
\c@FancyVerbBufferLine=\count314
\c@FV@oldbufferlength=\count315
\c@FV@TrueTabGroupLevel=\count316
\c@FV@TrueTabCounter=\count317
\FV@TabBox@Group=\box65
\FV@TmpLength=\skip81
\c@FV@HighlightLinesStart=\count318
\c@FV@HighlightLinesStop=\count319
\FV@LoopCount=\count320
\FV@NCharsBox=\box66
\FV@BreakIndent=\dimen171
\FV@BreakIndentNChars=\count321
\FV@BreakSymbolSepLeft=\dimen172
\FV@BreakSymbolSepLeftNChars=\count322
\FV@BreakSymbolSepRight=\dimen173
\FV@BreakSymbolSepRightNChars=\count323
\FV@BreakSymbolIndentLeft=\dimen174
\FV@BreakSymbolIndentLeftNChars=\count324
\FV@BreakSymbolIndentRight=\dimen175
\FV@BreakSymbolIndentRightNChars=\count325
\c@FancyVerbLineBreakLast=\count326
\FV@LineBox=\box67
\FV@LineIndentBox=\box68
\c@FV@BreakBufferDepth=\count327
\FV@LineWidth=\dimen176
) (c:/texlive/2023/texmf-dist/tex/latex/tools/shellesc.sty
Package: shellesc 2023/07/08 v1.0d unified shell escape interface for LaTeX
Package shellesc Info: Unrestricted shell escape enabled on input line 75.
) (c:/texlive/2023/texmf-dist/tex/latex/ifplatform/ifplatform.sty
Package: ifplatform 2017/10/13 v0.4a Testing for the operating system
 (c:/texlive/2023/texmf-dist/tex/generic/catchfile/catchfile.sty
Package: catchfile 2019/12/09 v1.8 Catch the contents of a file (HO)
 (c:/texlive/2023/texmf-dist/tex/generic/etexcmds/etexcmds.sty
Package: etexcmds 2019/12/15 v1.7 Avoid name clashes with e-TeX commands (HO)
)) (c:/texlive/2023/texmf-dist/tex/generic/iftex/ifluatex.sty
Package: ifluatex 2019/10/25 v1.5 ifluatex legacy package. Use iftex instead.
)) (c:/texlive/2023/texmf-dist/tex/generic/xstring/xstring.sty (c:/texlive/2023/texmf-dist/tex/generic/xstring/xstring.tex
\xs_counta=\count328
\xs_countb=\count329
)
Package: xstring 2023/08/22 v1.86 String manipulations (CT)
) (c:/texlive/2023/texmf-dist/tex/latex/framed/framed.sty
Package: framed 2011/10/22 v 0.96: framed or shaded text with page breaks
\OuterFrameSep=\skip82
\fb@frw=\dimen177
\fb@frh=\dimen178
\FrameRule=\dimen179
\FrameSep=\dimen180
)
\minted@appexistsfile=\read4
\minted@bgbox=\box69
\minted@code=\write4
\c@minted@FancyVerbLineTemp=\count330
\c@minted@pygmentizecounter=\count331
\@float@every@listing=\toks30
\c@listing=\count332
)
runsystem(if not exist _minted-main mkdir _minted-main)...executed.

 (c:/texlive/2023/texmf-dist/tex/latex/caption/caption.sty
Package: caption 2023/08/05 v3.6o Customizing captions (AR)
 (c:/texlive/2023/texmf-dist/tex/latex/caption/caption3.sty
Package: caption3 2023/07/31 v2.4d caption3 kernel (AR)
\caption@tempdima=\dimen181
\captionmargin=\dimen182
\caption@leftmargin=\dimen183
\caption@rightmargin=\dimen184
\caption@width=\dimen185
\caption@indent=\dimen186
\caption@parindent=\dimen187
\caption@hangindent=\dimen188
Package caption Info: Standard document class detected.
)
\c@caption@flags=\count333
\c@continuedfloat=\count334
Package caption Info: float package is loaded.
Package caption Info: hyperref package is loaded.
Package caption Info: listings package is loaded.
Package caption Info: rotating package is loaded.
Package caption Info: scrextend package is loaded.
\caption@addmargin@hsize=\dimen189
\caption@addmargin@linewidth=\dimen190
) (c:/texlive/2023/texmf-dist/tex/latex/caption/subcaption.sty
Package: subcaption 2023/07/28 v1.6b Sub-captions (AR)
Package caption Info: New subtype `subfigure' on input line 238.
\c@subfigure=\count335
Package caption Info: New subtype `subtable' on input line 238.
\c@subtable=\count336
) (c:/texlive/2023/texmf-dist/tex/latex/tools/longtable.sty
Package: longtable 2023-11-01 v4.19 Multi-page Table package (DPC)
\LTleft=\skip83
\LTright=\skip84
\LTpre=\skip85
\LTpost=\skip86
\LTchunksize=\count337
\LTcapwidth=\dimen191
\LT@head=\box70
\LT@firsthead=\box71
\LT@foot=\box72
\LT@lastfoot=\box73
\LT@gbox=\box74
\LT@cols=\count338
\LT@rows=\count339
\c@LT@tables=\count340
\c@LT@chunks=\count341
\LT@p@ftn=\toks31
) (c:/texlive/2023/texmf-dist/tex/latex/multirow/multirow.sty
Package: multirow 2021/03/15 v2.8 Span multiple rows of a table
\multirow@colwidth=\skip87
\multirow@cntb=\count342
\multirow@dima=\skip88
\bigstrutjot=\dimen192
) (c:/texlive/2023/texmf-dist/tex/generic/dirtree/dirtree.sty
Package: dirtree 2012/12/11 v0.32 package wrapper for dirtree
 (c:/texlive/2023/texmf-dist/tex/generic/dirtree/dirtree.tex `dirtree' v0.32, 2012/12/11 (jcc)
\DT@offset=\dimen193
\DT@width=\dimen194
\DT@sep=\dimen195
\DT@all=\dimen196
\DT@rulewidth=\dimen197
\DT@dotwidth=\dimen198
\DTbaselineskip=\dimen199
\DT@counti=\count343
\DT@countii=\count344
\DT@countiii=\count345
\DT@countiv=\count346
\DT@indent=\dimen256
\DT@parskip=\dimen257
\DT@baselineskip=\dimen258
)
File: dirtree.tex 2012/12/11 v0.32 `dirtree' (jcc)
)
runsystem(for ^%i in (pygmentize.exe pygmentize.bat pygmentize.cmd) do set > main.aex <nul: /p x=^%~$PATH:i>> main.aex)...executed.

runsystem(del main.aex)...executed.

 (./main.aux (./contents/TitlePage.aux) (./contents/CoolQuote.aux) (./contents/Abstract.aux) (./contents/ResponsabilityDeclaration.aux) (./contents/intro.aux) (./contents/Thanks.aux))
\openout1 = `main.aux'.

LaTeX Font Info:    Checking defaults for OML/cmm/m/it on input line 106.
LaTeX Font Info:    ... okay on input line 106.
LaTeX Font Info:    Checking defaults for OMS/cmsy/m/n on input line 106.
LaTeX Font Info:    ... okay on input line 106.
LaTeX Font Info:    Checking defaults for OT1/cmr/m/n on input line 106.
LaTeX Font Info:    ... okay on input line 106.
LaTeX Font Info:    Checking defaults for T1/cmr/m/n on input line 106.
LaTeX Font Info:    ... okay on input line 106.
LaTeX Font Info:    Checking defaults for TS1/cmr/m/n on input line 106.
LaTeX Font Info:    ... okay on input line 106.
LaTeX Font Info:    Checking defaults for OMX/cmex/m/n on input line 106.
LaTeX Font Info:    ... okay on input line 106.
LaTeX Font Info:    Checking defaults for U/cmr/m/n on input line 106.
LaTeX Font Info:    ... okay on input line 106.
LaTeX Font Info:    Checking defaults for PD1/pdf/m/n on input line 106.
LaTeX Font Info:    ... okay on input line 106.
LaTeX Font Info:    Checking defaults for PU/pdf/m/n on input line 106.
LaTeX Font Info:    ... okay on input line 106.

*geometry* driver: auto-detecting
*geometry* detected driver: pdftex
*geometry* verbose mode - [ preamble ] result:
* driver: pdftex
* paper: a4paper
* layout: <same size as paper>
* layoutoffset:(h,v)=(0.0pt,0.0pt)
* modes: twoside 
* h-part:(L,W,R)=(85.35826pt, 426.79135pt, 85.35826pt)
* v-part:(T,H,B)=(71.13188pt, 702.78308pt, 71.13188pt)
* \paperwidth=597.50787pt
* \paperheight=845.04684pt
* \textwidth=426.79135pt
* \textheight=702.78308pt
* \oddsidemargin=13.08827pt
* \evensidemargin=13.08827pt
* \topmargin=-38.1381pt
* \headheight=15.0pt
* \headsep=25.0pt
* \topskip=10.0pt
* \footskip=30.0pt
* \marginparwidth=111.0pt
* \marginparsep=11.0pt
* \columnsep=10.0pt
* \skip\footins=10.8pt plus 4.0pt minus 2.0pt
* \hoffset=0.0pt
* \voffset=0.0pt
* \mag=1000
* \@twocolumnfalse
* \@twosidetrue
* \@mparswitchtrue
* \@reversemarginfalse
* (1in=72.27pt=25.4mm, 1cm=28.453pt)

LaTeX Info: Redefining \it@ocap on input line 106.
LaTeX Info: Redefining \it@ccap on input line 106.
babelbib: Set bibliography fall-back language to italian
babelbib: english.bdf loaded because language english defined.
(c:/texlive/2023/texmf-dist/tex/latex/babelbib/english.bdf
File: english.bdf 2021/01/06 v1.34 babelbib: multilingual bibliographies

babelbib extension \btxifchangecaseon added to \extrasenglish
)
babelbib: italian.bdf loaded because language italian defined.
(c:/texlive/2023/texmf-dist/tex/latex/babelbib/italian.bdf
File: italian.bdf 2021/01/06 v1.34 babelbib: multilingual bibliographies

babelbib extension \btxifchangecaseoff added to \extrasitalian
)
babelbib: Load BibTeX extensions \bibsitalian for italian
babelbib: Set language for keywords in the bibliography fixed to italian
(c:/texlive/2023/texmf-dist/tex/context/base/mkii/supp-pdf.mkii
[Loading MPS to PDF converter (version 2006.09.02).]
\scratchcounter=\count347
\scratchdimen=\dimen259
\scratchbox=\box75
\nofMPsegments=\count348
\nofMParguments=\count349
\everyMPshowfont=\toks32
\MPscratchCnt=\count350
\MPscratchDim=\dimen260
\MPnumerator=\count351
\makeMPintoPDFobject=\count352
\everyMPtoPDFconversion=\toks33
) (c:/texlive/2023/texmf-dist/tex/latex/epstopdf-pkg/epstopdf-base.sty
Package: epstopdf-base 2020-01-24 v2.11 Base part for package epstopdf
Package epstopdf-base Info: Redefining graphics rule for `.eps' on input line 485.
 (c:/texlive/2023/texmf-dist/tex/latex/latexconfig/epstopdf-sys.cfg
File: epstopdf-sys.cfg 2010/07/13 v1.3 Configuration of (r)epstopdf for TeX Live
))
\c@lstlisting=\count353
Package hyperref Info: Link coloring ON on input line 106.
 (./main.out) (./main.out)
\@outlinefile=\write5
\openout5 = `main.out'.

Package caption Info: Begin \AtBeginDocument code.
Package caption Info: longtable package is loaded.
 (c:/texlive/2023/texmf-dist/tex/latex/caption/ltcaption.sty
Package: ltcaption 2021/01/08 v1.4c longtable captions (AR)
)
Package caption Info: End \AtBeginDocument code.
\openout2 = `contents/TitlePage.aux'.

 (./contents/TitlePage.tex
<images/unito_logo.png, id=245, 349.305pt x 388.45125pt>
File: images/unito_logo.png Graphic file (type png)
<use images/unito_logo.png>
Package pdftex.def Info: images/unito_logo.png  used on input line 8.
(pdftex.def)             Requested size: 139.71951pt x 155.37773pt.
 [1


{c:/texlive/2023/texmf-var/fonts/map/pdftex/updmap/pdftex.map}{c:/texlive/2023/texmf-dist/fonts/enc/dvips/cm-super/cm-super-t1.enc} <./images/unito_logo.png>])
\openout2 = `contents/CoolQuote.aux'.

 (./contents/CoolQuote.tex) [2



]
\openout2 = `contents/Abstract.aux'.

 (./contents/Abstract.tex
pdfTeX warning (ext4): destination with the same identifier (name{page.1}) has been already used, duplicate ignored
<to be read again> 
                   \relax 
l.10 \end{abstract}
                    [1



])
\openout2 = `contents/ResponsabilityDeclaration.aux'.

 (./contents/ResponsabilityDeclaration.tex)
pdfTeX warning (ext4): destination with the same identifier (name{page.2}) has been already used, duplicate ignored
<to be read again> 
                   \relax 
l.114 \include{contents/ResponsabilityDeclaration}
                                                   [2



] (./main.toc
LaTeX Font Info:    External font `cmex10' loaded for size
(Font)              <12> on input line 8.
LaTeX Font Info:    External font `cmex10' loaded for size
(Font)              <8> on input line 8.
LaTeX Font Info:    External font `cmex10' loaded for size
(Font)              <6> on input line 8.
 [3




])
\tf@toc=\write6
\openout6 = `main.toc'.

 [4]
\openout2 = `contents/intro.aux'.

 (./contents/intro.tex (./main.lof)
\tf@lof=\write7
\openout7 = `main.lof'.

 [5



] [6


]
Capitolo 1.
[7]
<Immagini/img1.png, id=402, 440.847pt x 240.29774pt>
File: Immagini/img1.png Graphic file (type png)
<use Immagini/img1.png>
Package pdftex.def Info: Immagini/img1.png  used on input line 22.
(pdftex.def)             Requested size: 352.67807pt x 192.23845pt.
 [8]
<Immagini/img2.png, id=407, 436.63126pt x 334.851pt>
File: Immagini/img2.png Graphic file (type png)
<use Immagini/img2.png>
Package pdftex.def Info: Immagini/img2.png  used on input line 31.
(pdftex.def)             Requested size: 349.30548pt x 267.88115pt.
 [9 <./Immagini/img1.png> <./Immagini/img2.png>] [10


]
Capitolo 2.
[11{c:/texlive/2023/texmf-dist/fonts/enc/dvips/cm-super/cm-super-ts1.enc}] [12]
Underfull \vbox (badness 1024) has occurred while \output is active []

 [13] [14]
<Immagini/img3.png, id=451, 536.60475pt x 149.358pt>
File: Immagini/img3.png Graphic file (type png)
<use Immagini/img3.png>
Package pdftex.def Info: Immagini/img3.png  used on input line 114.
(pdftex.def)             Requested size: 429.28436pt x 119.48654pt.

Overfull \hbox (2.49301pt too wide) in paragraph at lines 114--115
 [][] 
 []

[15 <./Immagini/img3.png>] [16] [17] [18] [19] [20] [21] [22] [23] [24]
<Immagini/img4.png, id=512, 322.806pt x 211.992pt>
File: Immagini/img4.png Graphic file (type png)
<use Immagini/img4.png>
Package pdftex.def Info: Immagini/img4.png  used on input line 334.
(pdftex.def)             Requested size: 193.68509pt x 127.19617pt.
 [25 <./Immagini/img4.png>]
<Immagini/img5.png, id=521, 466.74374pt x 487.8225pt>
File: Immagini/img5.png Graphic file (type png)
<use Immagini/img5.png>
Package pdftex.def Info: Immagini/img5.png  used on input line 351.
(pdftex.def)             Requested size: 373.3955pt x 390.25853pt.
 [26 <./Immagini/img5.png>]
Capitolo 3.
<Immagini/img6.png, id=527, 498.663pt x 113.82526pt>
File: Immagini/img6.png Graphic file (type png)
<use Immagini/img6.png>
Package pdftex.def Info: Immagini/img6.png  used on input line 366.
(pdftex.def)             Requested size: 448.79254pt x 102.44177pt.

Overfull \hbox (22.00119pt too wide) in paragraph at lines 366--367
 [][] 
 []

[27


 <./Immagini/img6.png>] [28]
<Immagini/img7.png, id=539, 876.27374pt x 329.43076pt>
File: Immagini/img7.png Graphic file (type png)
<use Immagini/img7.png>
Package pdftex.def Info: Immagini/img7.png  used on input line 424.
(pdftex.def)             Requested size: 481.95204pt x 181.18747pt.
 [29] [30 <./Immagini/img7.png>]
<Immagini/img8.png, id=553, 868.4445pt x 314.97675pt>
File: Immagini/img8.png Graphic file (type png)
<use Immagini/img8.png>
Package pdftex.def Info: Immagini/img8.png  used on input line 470.
(pdftex.def)             Requested size: 477.64597pt x 173.23773pt.

Underfull \vbox (badness 10000) has occurred while \output is active []

 [31]
<Immagini/img9.png, id=560, 1109.94675pt x 490.2315pt>
File: Immagini/img9.png Graphic file (type png)
<use Immagini/img9.png>
Package pdftex.def Info: Immagini/img9.png  used on input line 484.
(pdftex.def)             Requested size: 443.97084pt x 196.08913pt.
 [32 <./Immagini/img8.png> <./Immagini/img9.png>]
<Immagini/img12.png, id=570, 1149.093pt x 390.258pt>
File: Immagini/img12.png Graphic file (type png)
<use Immagini/img12.png>
Package pdftex.def Info: Immagini/img12.png  used on input line 501.
(pdftex.def)             Requested size: 459.62906pt x 156.10042pt.
<Immagini/img11.png, id=571, 761.84625pt x 519.1395pt>
File: Immagini/img11.png Graphic file (type png)
<use Immagini/img11.png>
Package pdftex.def Info: Immagini/img11.png  used on input line 512.
(pdftex.def)             Requested size: 380.9222pt x 259.5691pt.
 [33 <./Immagini/img12.png>] [34 <./Immagini/img11.png>]
<Immagini/img13.png, id=586, 1156.32pt x 493.24275pt>
File: Immagini/img13.png Graphic file (type png)
<use Immagini/img13.png>
Package pdftex.def Info: Immagini/img13.png  used on input line 536.
(pdftex.def)             Requested size: 462.5198pt x 197.2936pt.
<Immagini/img14.png, id=587, 383.63326pt x 334.24875pt>
File: Immagini/img14.png Graphic file (type png)
<use Immagini/img14.png>
Package pdftex.def Info: Immagini/img14.png  used on input line 542.
(pdftex.def)             Requested size: 268.54144pt x 233.97252pt.
<Immagini/img10.png, id=588, 1149.093pt x 597.432pt>
File: Immagini/img10.png Graphic file (type png)
<use Immagini/img10.png>
Package pdftex.def Info: Immagini/img10.png  used on input line 551.
(pdftex.def)             Requested size: 459.62906pt x 238.96857pt.
 [35 <./Immagini/img13.png> <./Immagini/img14.png>]
<Immagini/img15.png, id=596, 316.18124pt x 493.24275pt>
File: Immagini/img15.png Graphic file (type png)
<use Immagini/img15.png>
Package pdftex.def Info: Immagini/img15.png  used on input line 561.
(pdftex.def)             Requested size: 189.7102pt x 295.94794pt.
 [36 <./Immagini/img10.png> <./Immagini/img15.png>]
<Immagini/img16.png, id=603, 465.53925pt x 234.8775pt>
File: Immagini/img16.png Graphic file (type png)
<use Immagini/img16.png>
Package pdftex.def Info: Immagini/img16.png  used on input line 580.
(pdftex.def)             Requested size: 325.87524pt x 164.41312pt.
<Immagini/img17.png, id=604, 698.61pt x 401.0985pt>
File: Immagini/img17.png Graphic file (type png)
<use Immagini/img17.png>
Package pdftex.def Info: Immagini/img17.png  used on input line 588.
(pdftex.def)             Requested size: 419.16924pt x 240.66095pt.
<Immagini/img18.png, id=605, 777.50475pt x 433.62pt>
File: Immagini/img18.png Graphic file (type png)
<use Immagini/img18.png>
Package pdftex.def Info: Immagini/img18.png  used on input line 594.
(pdftex.def)             Requested size: 388.75142pt x 216.80946pt.

Underfull \vbox (badness 10000) has occurred while \output is active []

 [37 <./Immagini/img16.png>] [38 <./Immagini/img17.png> <./Immagini/img18.png>]
<Immagini/img19.png, id=618, 501.67426pt x 243.309pt>
File: Immagini/img19.png Graphic file (type png)
<use Immagini/img19.png>
Package pdftex.def Info: Immagini/img19.png  used on input line 612.
(pdftex.def)             Requested size: 351.16957pt x 170.31514pt.
<Immagini/img20.png, id=619, 1097.90175pt x 604.659pt>
File: Immagini/img20.png Graphic file (type png)
<use Immagini/img20.png>
Package pdftex.def Info: Immagini/img20.png  used on input line 619.
(pdftex.def)             Requested size: 384.27138pt x 211.63382pt.
<Immagini/img22.png, id=620, 1156.32pt x 477.58424pt>
File: Immagini/img22.png Graphic file (type png)
<use Immagini/img22.png>
Package pdftex.def Info: Immagini/img22.png  used on input line 626.
(pdftex.def)             Requested size: 404.71806pt x 167.15698pt.
 [39 <./Immagini/img19.png> <./Immagini/img20.png>]
<Immagini/img21.png, id=627, 620.3175pt x 453.49425pt>
File: Immagini/img21.png Graphic file (type png)
<use Immagini/img21.png>
Package pdftex.def Info: Immagini/img21.png  used on input line 636.
(pdftex.def)             Requested size: 341.17569pt x 249.42259pt.
 [40 <./Immagini/img22.png> <./Immagini/img21.png>] [41] [42] [43] [44] [45]) [46] (./main.bbl
LaTeX Font Info:    Trying to load font information for T1+cmtt on input line 12.
 (c:/texlive/2023/texmf-dist/tex/latex/base/t1cmtt.fd
File: t1cmtt.fd 2023/04/13 v2.5m Standard LaTeX font definitions
)
Underfull \hbox (badness 10000) in paragraph at lines 10--14
[]\T1/cmr/m/n/12 alet.  Van-tag-gi del cloud.  [][]$\T1/cmtt/m/n/12 https : / / www . alet . com /
 []


Underfull \hbox (badness 10000) in paragraph at lines 16--20
[]\T1/cmr/m/n/12 AVG.  At-tac-chi zero-day.  [][]$\T1/cmtt/m/n/12 https : / / www . avg . com / it / signal /
 []


Underfull \hbox (badness 10000) in paragraph at lines 40--44
[]\T1/cmr/m/n/12 cybersecurity360.  Al-ler-ta per una zero-day su ci-sco ios xe.
 []


Underfull \hbox (badness 10000) in paragraph at lines 40--44
\T1/cmr/m/n/12 https://www.cybersecurity360.it/nuove-minacce/allerta-per-una-zero-day-
 []


Underfull \hbox (badness 10000) in paragraph at lines 40--44
\T1/cmr/m/n/12 su-cisco-ios-xe-oltre-1-600-i-dispositivi-di-rete-esposti-in-italia/.  Ac-ces-sed:
 []


Underfull \hbox (badness 10000) in paragraph at lines 56--60
[]\T1/cmr/m/n/12 cynet.  Mi-tre.  [][]$\T1/cmtt/m/n/12 https : / / www . cynet . com / it /
 []

[47




]
Underfull \hbox (badness 1831) in paragraph at lines 74--78
[]\T1/cmr/m/n/12 giornalettismo.  Sto-ria del cloud.  [][]$\T1/cmtt/m/n/12 https : / / www . giornalettismo . com /
 []


Underfull \hbox (badness 4505) in paragraph at lines 92--96
[]\T1/cmr/m/n/12 OWASP.  Con-trol-lo del-le di-pen-den-ze owa-sp.  [][]$\T1/cmtt/m/n/12 https : / / owasp . org /
 []


Underfull \hbox (badness 5431) in paragraph at lines 104--108
[]\T1/cmr/m/n/12 OWASP Zed At-tack Pro-xy.  Owa-sp zed at-tack pro-xy.  [][]$\T1/cmtt/m/n/12 https :
 []


Underfull \hbox (badness 10000) in paragraph at lines 104--108
\T1/cmtt/m/n/12 / / oscat . regione . toscana . it / catalogo-[]prodotti-[]open-[]source /
 []


Underfull \hbox (badness 10000) in paragraph at lines 110--114
[]\T1/cmr/m/n/12 redhat.  Ca-te-go-rie di ser-vi-zi del cloud com-pu-ting.
 []


Underfull \hbox (badness 10000) in paragraph at lines 110--114
[][]$\T1/cmtt/m/n/12 https : / / www . redhat . com / it / topics / cloud-[]computing /
 []


Underfull \hbox (badness 10000) in paragraph at lines 110--114
\T1/cmtt/m/n/12 public-[]cloud-[]vs-[]private-[]cloud-[]and-[]hybrid-[]cloud# : ~ : text = Esistono %
 []


Underfull \hbox (badness 10000) in paragraph at lines 122--126
[]\T1/cmr/m/n/12 UniverseIT.  De-v-se-cops?  [][]$\T1/cmtt/m/n/12 https : / / universeit . blog /
 []


Underfull \hbox (badness 10000) in paragraph at lines 128--132
[]\T1/cmr/m/n/12 wikipedia.  Cve.  [][]$\T1/cmtt/m/n/12 https : / / it . wikipedia . org / wiki / Common _
 []


Underfull \hbox (badness 2310) in paragraph at lines 134--138
[]\T1/cmr/m/n/12 wikipedia.  Re-go-la-men-to ge-ne-ra-le sul-la pro-te-zio-ne dei da-ti.  [][]$\T1/cmtt/m/n/12 https :
 []


Underfull \hbox (badness 10000) in paragraph at lines 134--138
\T1/cmtt/m/n/12 / / it . wikipedia . org / wiki / Regolamento _ generale _ sulla _ protezione _
 []

) [48]
\openout2 = `contents/Thanks.aux'.

 (./contents/Thanks.tex) [49

]

Package caption Warning: Unused \captionsetup[table] on input line 100.
See the caption package documentation for explanation.

(./main.aux (./contents/TitlePage.aux) (./contents/CoolQuote.aux) (./contents/Abstract.aux) (./contents/ResponsabilityDeclaration.aux) (./contents/intro.aux) (./contents/Thanks.aux))
 ***********
LaTeX2e <2023-11-01>
L3 programming layer <2020/03/25>
 ***********
Package rerunfilecheck Info: File `main.out' has not changed.
(rerunfilecheck)             Checksum: B4A793CC781DF3F1A9DF0755F400ED6A;12649.
 ) 
Here is how much of TeX's memory you used:
 20262 strings out of 474175
 353557 string characters out of 5749697
 1942460 words of memory out of 5000000
 42037 multiletter control sequences out of 15000+600000
 569954 words of font info for 59 fonts, out of 8000000 for 9000
 1141 hyphenation exceptions out of 8191
 108i,12n,107p,1250b,683s stack positions out of 10000i,1000n,20000p,200000b,200000s
<c:/texlive/2023/texmf-dist/fonts/type1/public/cm-super/sfbx1200.pfb><c:/texlive/2023/texmf-dist/fonts/type1/public/cm-super/sfbx1440.pfb><c:/texlive/2023/texmf-dist/fonts/type1/public/cm-super/sfbx1728.pfb><c:/texlive/2023/texmf-dist/fonts/type1/public/cm-super/sfbx2488.pfb><c:/texlive/2023/texmf-dist/fonts/type1/public/cm-super/sfrm1200.pfb><c:/texlive/2023/texmf-dist/fonts/type1/public/cm-super/sfrm1440.pfb><c:/texlive/2023/texmf-dist/fonts/type1/public/cm-super/sfrm2074.pfb><c:/texlive/2023/texmf-dist/fonts/type1/public/cm-super/sfti1200.pfb><c:/texlive/2023/texmf-dist/fonts/type1/public/cm-super/sftt1200.pfb>
Output written on main.pdf (51 pages, 1993198 bytes).
PDF statistics:
 797 PDF objects out of 1000 (max. 8388607)
 672 compressed objects within 7 object streams
 170 named destinations out of 1000 (max. 500000)
 596 words of extra memory for PDF output out of 10000 (max. 10000000)

