\BOOKMARK [0][-]{chapter.1}{\376\377\000I\000n\000t\000r\000o\000d\000u\000z\000i\000o\000n\000e\000\040\000e\000\040\000m\000o\000t\000i\000v\000a\000z\000i\000o\000n\000i}{}% 1
\BOOKMARK [1][-]{section.1.1}{\376\377\000I\000l\000\040\000p\000r\000o\000c\000e\000s\000s\000o\000\040\000d\000i\000\040\000i\000n\000n\000o\000v\000a\000z\000i\000o\000n\000e\000\040\000d\000i\000g\000i\000t\000a\000l\000e}{chapter.1}% 2
\BOOKMARK [1][-]{section.1.2}{\376\377\000L\000o\000\040\000s\000v\000i\000l\000u\000p\000p\000o\000\040\000d\000e\000l\000\040\000r\000i\000s\000c\000h\000i\000o}{chapter.1}% 3
\BOOKMARK [1][-]{section.1.3}{\376\377\000S\000i\000t\000u\000a\000z\000i\000o\000n\000i\000\040\000d\000i\000\040\000r\000i\000s\000c\000h\000i\000o\000\040\000a\000t\000t\000u\000a\000l\000i}{chapter.1}% 4
\BOOKMARK [1][-]{section.1.4}{\376\377\000A\000n\000a\000l\000i\000s\000i\000\040\000c\000y\000b\000e\000r\000\040\000a\000t\000t\000a\000c\000c\000h\000i\000\040\000a\000\040\000l\000i\000v\000e\000l\000l\000o\000\040\000g\000l\000o\000b\000a\000l\000e}{chapter.1}% 5
\BOOKMARK [0][-]{chapter.2}{\376\377\000M\000i\000n\000a\000c\000c\000e\000\040\000n\000o\000t\000e\000\040\000e\000\040\000c\000l\000a\000s\000s\000i\000f\000i\000c\000a\000z\000i\000o\000n\000i}{}% 6
\BOOKMARK [1][-]{section.2.1}{\376\377\000I\000l\000\040\000c\000o\000n\000c\000e\000t\000t\000o\000\040\000d\000i\000\040\000m\000a\000l\000w\000a\000r\000e}{chapter.2}% 7
\BOOKMARK [2][-]{subsection.2.1.1}{\376\377\000C\000o\000m\000e\000\040\000p\000r\000o\000t\000e\000g\000g\000e\000r\000s\000i\000\040\000d\000a\000i\000\040\000m\000a\000l\000w\000a\000r\000e}{section.2.1}% 8
\BOOKMARK [2][-]{subsection.2.1.2}{\376\377\000A\000t\000t\000a\000c\000c\000h\000i\000\040\000M\000a\000l\000w\000a\000r\000e\000\040\000r\000e\000c\000e\000n\000t\000i}{section.2.1}% 9
\BOOKMARK [1][-]{section.2.2}{\376\377\000A\000t\000t\000a\000c\000c\000h\000i\000\040\000D\000D\000o\000S}{chapter.2}% 10
\BOOKMARK [2][-]{subsection.2.2.1}{\376\377\000A\000t\000t\000a\000c\000c\000h\000i\000\040\000D\000D\000o\000S\000\040\000r\000e\000c\000e\000n\000t\000i}{section.2.2}% 11
\BOOKMARK [1][-]{section.2.3}{\376\377\000A\000t\000t\000a\000c\000c\000h\000i\000\040\000z\000e\000r\000o\000-\000d\000a\000y}{chapter.2}% 12
\BOOKMARK [2][-]{subsection.2.3.1}{\376\377\000A\000t\000t\000a\000c\000c\000h\000i\000\040\000z\000e\000r\000o\000-\000d\000a\000y\000\040\000r\000e\000c\000e\000n\000t\000i}{section.2.3}% 13
\BOOKMARK [1][-]{section.2.4}{\376\377\000V\000u\000l\000n\000e\000r\000a\000b\000i\000l\000i\000t\000\340\000\040\000w\000e\000b\000\040\000e\000\040\000c\000o\000m\000e\000\040\000c\000l\000a\000s\000s\000i\000f\000i\000c\000a\000r\000l\000e}{chapter.2}% 14
\BOOKMARK [2][-]{subsection.2.4.1}{\376\377\000U\000l\000t\000i\000m\000i\000\040\000c\000a\000m\000b\000i\000a\000m\000e\000n\000t\000i\000\040\000O\000w\000a\000s\000p\000\040\000T\000o\000p\000\040\0001\0000}{section.2.4}% 15
\BOOKMARK [2][-]{subsection.2.4.2}{\376\377\000B\000r\000o\000k\000e\000n\000\040\000A\000c\000c\000e\000s\000s\000\040\000C\000o\000n\000t\000r\000o\000l}{section.2.4}% 16
\BOOKMARK [2][-]{subsection.2.4.3}{\376\377\000P\000r\000e\000v\000e\000n\000i\000r\000e\000\040\000B\000r\000o\000k\000e\000n\000\040\000A\000c\000c\000e\000s\000s\000\040\000C\000o\000n\000t\000r\000o\000l}{section.2.4}% 17
\BOOKMARK [2][-]{subsection.2.4.4}{\376\377\000C\000r\000y\000p\000t\000o\000g\000r\000a\000p\000h\000i\000c\000\040\000F\000a\000i\000l\000u\000r\000e\000s}{section.2.4}% 18
\BOOKMARK [2][-]{subsection.2.4.5}{\376\377\000P\000r\000e\000v\000e\000n\000i\000r\000e\000\040\000C\000r\000y\000p\000t\000o\000g\000r\000a\000p\000h\000i\000c\000\040\000F\000a\000i\000l\000u\000r\000e\000s}{section.2.4}% 19
\BOOKMARK [2][-]{subsection.2.4.6}{\376\377\000I\000n\000j\000e\000c\000t\000i\000o\000n}{section.2.4}% 20
\BOOKMARK [2][-]{subsection.2.4.7}{\376\377\000P\000r\000e\000v\000e\000n\000i\000r\000e\000\040\000I\000n\000j\000e\000c\000t\000i\000o\000n}{section.2.4}% 21
\BOOKMARK [2][-]{subsection.2.4.8}{\376\377\000I\000n\000s\000e\000c\000u\000r\000e\000\040\000D\000e\000s\000i\000g\000n}{section.2.4}% 22
\BOOKMARK [2][-]{subsection.2.4.9}{\376\377\000P\000r\000e\000v\000e\000n\000i\000r\000e\000\040\000I\000n\000s\000e\000c\000u\000r\000e\000\040\000D\000e\000s\000i\000g\000n}{section.2.4}% 23
\BOOKMARK [2][-]{subsection.2.4.10}{\376\377\000S\000e\000c\000u\000r\000i\000t\000y\000\040\000M\000i\000s\000c\000o\000n\000f\000i\000g\000u\000r\000a\000t\000i\000o\000n}{section.2.4}% 24
\BOOKMARK [2][-]{subsection.2.4.11}{\376\377\000P\000r\000e\000v\000e\000n\000i\000r\000e\000\040\000S\000e\000c\000u\000r\000i\000t\000y\000\040\000M\000i\000s\000c\000o\000n\000f\000i\000g\000u\000r\000a\000t\000i\000o\000n}{section.2.4}% 25
\BOOKMARK [2][-]{subsection.2.4.12}{\376\377\000V\000u\000l\000n\000e\000r\000a\000b\000l\000e\000\040\000a\000n\000d\000\040\000O\000u\000t\000d\000a\000t\000e\000d\000\040\000C\000o\000m\000p\000o\000n\000e\000n\000t\000s}{section.2.4}% 26
\BOOKMARK [2][-]{subsection.2.4.13}{\376\377\000P\000r\000e\000v\000e\000n\000i\000r\000e\000\040\000V\000u\000l\000n\000e\000r\000a\000b\000l\000e\000\040\000a\000n\000d\000\040\000O\000u\000t\000d\000a\000t\000e\000d\000\040\000C\000o\000m\000p\000o\000n\000e\000n\000t\000s}{section.2.4}% 27
\BOOKMARK [2][-]{subsection.2.4.14}{\376\377\000I\000d\000e\000n\000t\000i\000f\000i\000c\000a\000t\000i\000o\000n\000\040\000a\000n\000d\000\040\000A\000u\000t\000h\000e\000n\000t\000i\000c\000a\000t\000i\000o\000n\000\040\000F\000a\000i\000l\000u\000r\000e\000s}{section.2.4}% 28
\BOOKMARK [2][-]{subsection.2.4.15}{\376\377\000P\000r\000e\000v\000e\000n\000i\000r\000e\000\040\000I\000d\000e\000n\000t\000i\000f\000i\000c\000a\000t\000i\000o\000n\000\040\000a\000n\000d\000\040\000A\000u\000t\000h\000e\000n\000t\000i\000c\000a\000t\000i\000o\000n\000\040\000F\000a\000i\000l\000u\000r\000e\000s}{section.2.4}% 29
\BOOKMARK [2][-]{subsection.2.4.16}{\376\377\000S\000o\000f\000t\000w\000a\000r\000e\000\040\000a\000n\000d\000\040\000D\000a\000t\000a\000\040\000I\000n\000t\000e\000g\000r\000i\000t\000y\000\040\000F\000a\000i\000l\000u\000r\000e\000s}{section.2.4}% 30
\BOOKMARK [2][-]{subsection.2.4.17}{\376\377\000P\000r\000e\000v\000e\000n\000i\000r\000e\000\040\000S\000o\000f\000t\000w\000a\000r\000e\000\040\000a\000n\000d\000\040\000D\000a\000t\000a\000\040\000I\000n\000t\000e\000g\000r\000i\000t\000y\000\040\000F\000a\000i\000l\000u\000r\000e\000s}{section.2.4}% 31
\BOOKMARK [2][-]{subsection.2.4.18}{\376\377\000S\000e\000c\000u\000r\000i\000t\000y\000\040\000L\000o\000g\000g\000i\000n\000g\000\040\000a\000n\000d\000\040\000M\000o\000n\000i\000t\000o\000r\000i\000n\000g\000\040\000F\000a\000i\000l\000u\000r\000e\000s}{section.2.4}% 32
\BOOKMARK [2][-]{subsection.2.4.19}{\376\377\000P\000r\000e\000v\000e\000n\000i\000r\000e\000\040\000S\000e\000c\000u\000r\000i\000t\000y\000\040\000L\000o\000g\000g\000i\000n\000g\000\040\000a\000n\000d\000\040\000M\000o\000n\000i\000t\000o\000r\000i\000n\000g\000\040\000F\000a\000i\000l\000u\000r\000e}{section.2.4}% 33
\BOOKMARK [2][-]{subsection.2.4.20}{\376\377\000S\000e\000r\000v\000e\000r\000-\000S\000i\000d\000e\000\040\000R\000e\000q\000u\000e\000s\000t\000\040\000F\000o\000r\000g\000e\000r\000y}{section.2.4}% 34
\BOOKMARK [2][-]{subsection.2.4.21}{\376\377\000P\000r\000e\000v\000e\000n\000i\000r\000e\000\040\000S\000e\000r\000v\000e\000r\000-\000S\000i\000d\000e\000\040\000R\000e\000q\000u\000e\000s\000t\000\040\000F\000o\000r\000g\000e\000r\000y}{section.2.4}% 35
\BOOKMARK [1][-]{section.2.5}{\376\377\000S\000t\000a\000n\000d\000a\000r\000d\000\040\000,\000\040\000b\000e\000s\000t\000\040\000p\000r\000a\000c\000t\000i\000c\000e\000\040\000e\000\040\000l\000e\000g\000g\000i\000\040}{chapter.2}% 36
\BOOKMARK [2][-]{subsection.2.5.1}{\376\377\000I\000l\000\040\000G\000D\000P\000R}{section.2.5}% 37
\BOOKMARK [2][-]{subsection.2.5.2}{\376\377\000I\000l\000\040\000N\000I\000S\000T}{section.2.5}% 38
\BOOKMARK [0][-]{chapter.3}{\376\377\000L\000a\000\040\000v\000a\000l\000u\000t\000a\000z\000i\000o\000n\000e\000\040\000d\000e\000l\000\040\000r\000i\000s\000c\000h\000i\000o\000\040\000d\000i\000g\000i\000t\000a\000l\000e}{}% 39
\BOOKMARK [1][-]{section.3.1}{\376\377\000R\000i\000s\000k\000\040\000a\000s\000s\000e\000s\000s\000m\000e\000n\000t\000\040\000e\000\040\000r\000i\000s\000k\000\040\000m\000a\000n\000a\000g\000e\000m\000e\000n\000t\000\040}{chapter.3}% 40
\BOOKMARK [1][-]{section.3.2}{\376\377\000I\000n\000t\000e\000g\000r\000a\000z\000i\000o\000n\000e\000\040\000c\000o\000n\000t\000i\000n\000u\000a\000\040\000D\000e\000v\000S\000e\000c\000O\000p\000s}{chapter.3}% 41
\BOOKMARK [2][-]{subsection.3.2.1}{\376\377\000V\000a\000n\000t\000a\000g\000g\000i\000\040\000D\000e\000v\000S\000e\000c\000O\000p\000s}{section.3.2}% 42
\BOOKMARK [2][-]{subsection.3.2.2}{\376\377\000P\000i\000p\000e\000l\000i\000n\000e\000\040\000D\000e\000v\000S\000e\000c\000O\000p\000s}{section.3.2}% 43
\BOOKMARK [1][-]{section.3.3}{\376\377\000A\000n\000a\000l\000i\000s\000i\000\040\000d\000e\000i\000\040\000r\000e\000p\000o\000r\000t}{chapter.3}% 44
\BOOKMARK [1][-]{section.3.4}{\376\377\000T\000e\000c\000n\000o\000l\000o\000g\000i\000e\000\040\000D\000e\000v\000S\000e\000c\000O\000p\000s}{chapter.3}% 45
\BOOKMARK [2][-]{subsection.3.4.1}{\376\377\000J\000e\000n\000k\000i\000n\000s}{section.3.4}% 46
\BOOKMARK [2][-]{subsection.3.4.2}{\376\377\000S\000n\000y\000k}{section.3.4}% 47
\BOOKMARK [2][-]{subsection.3.4.3}{\376\377\000O\000W\000A\000S\000P\000\040\000D\000e\000p\000e\000n\000d\000e\000n\000c\000y\000-\000C\000h\000e\000c\000k}{section.3.4}% 48
\BOOKMARK [2][-]{subsection.3.4.4}{\376\377\000O\000w\000a\000s\000p\000\040\000Z\000A\000P}{section.3.4}% 49
\BOOKMARK [2][-]{subsection.3.4.5}{\376\377\000E\000s\000e\000m\000p\000i\000\040\000p\000r\000a\000t\000i\000c\000i}{section.3.4}% 50
\BOOKMARK [1][-]{section.3.5}{\376\377\000C\000l\000o\000u\000d\000\040\000C\000o\000m\000p\000u\000t\000i\000n\000g}{chapter.3}% 51
\BOOKMARK [2][-]{subsection.3.5.1}{\376\377\000C\000o\000s\040\031\000\350\000\040\000i\000l\000\040\000C\000l\000o\000u\000d\000\040\000C\000o\000m\000p\000u\000t\000i\000n\000g}{section.3.5}% 52
\BOOKMARK [2][-]{subsection.3.5.2}{\376\377\000E\000v\000o\000l\000u\000z\000i\000o\000n\000e\000\040\000d\000e\000l\000\040\000C\000l\000o\000u\000d\000\040\000C\000o\000m\000p\000u\000t\000i\000n\000g}{section.3.5}% 53
\BOOKMARK [2][-]{subsection.3.5.3}{\376\377\000M\000o\000d\000e\000l\000l\000i\000\040\000d\000i\000\040\000d\000i\000s\000t\000r\000i\000b\000u\000z\000i\000o\000n\000e\000\040\000d\000e\000l\000\040\000C\000l\000o\000u\000d\000\040\000C\000o\000m\000p\000u\000t\000i\000n\000g}{section.3.5}% 54
\BOOKMARK [2][-]{subsection.3.5.4}{\376\377\000C\000a\000t\000e\000g\000o\000r\000i\000e\000\040\000d\000i\000\040\000s\000e\000r\000v\000i\000z\000i\000\040\000d\000e\000l\000\040\000C\000l\000o\000u\000d\000\040\000C\000o\000m\000p\000u\000t\000i\000n\000g}{section.3.5}% 55
\BOOKMARK [2][-]{subsection.3.5.5}{\376\377\000V\000a\000n\000t\000a\000g\000g\000i\000\040\000d\000e\000l\000\040\000C\000l\000o\000u\000d\000\040\000C\000o\000m\000p\000u\000t\000i\000n\000g}{section.3.5}% 56
\BOOKMARK [2][-]{subsection.3.5.6}{\376\377\000G\000e\000s\000t\000i\000o\000n\000e\000\040\000d\000e\000l\000l\000e\000\040\000v\000u\000l\000n\000e\000r\000a\000b\000i\000l\000i\000t\000\340\000\040\000i\000n\000\040\000a\000p\000p\000l\000i\000c\000a\000z\000i\000o\000n\000i\000\040\000C\000l\000o\000u\000d}{section.3.5}% 57
\BOOKMARK [2][-]{subsection.3.5.7}{\376\377\000V\000u\000l\000n\000e\000r\000a\000b\000i\000l\000i\000t\000\340\000\040\000c\000o\000m\000u\000n\000i\000\040\000i\000n\000\040\000a\000p\000p\000l\000i\000c\000a\000z\000i\000o\000n\000i\000\040\000C\000l\000o\000u\000d}{section.3.5}% 58
\BOOKMARK [2][-]{subsection.3.5.8}{\376\377\000F\000u\000n\000z\000i\000o\000n\000a\000l\000i\000t\000\340\000\040\000c\000h\000e\000\040\000r\000e\000n\000d\000o\000n\000o\000\040\000i\000m\000p\000o\000r\000t\000a\000n\000t\000e\000\040\000l\000a\000\040\000g\000e\000s\000t\000i\000o\000n\000e\000\040\000d\000e\000l\000l\000e\000\040\000v\000u\000l\000n\000e\000r\000a\000b\000i\000l\000i\000t\000\340\000\040\000d\000e\000l\000\040\000C\000l\000o\000u\000d}{section.3.5}% 59
\BOOKMARK [2][-]{subsection.3.5.9}{\376\377\000P\000r\000a\000t\000i\000c\000h\000e\000\040\000d\000i\000\040\000g\000e\000s\000t\000i\000o\000n\000e\000\040\000d\000e\000l\000l\000e\000\040\000v\000u\000l\000n\000e\000r\000a\000b\000i\000l\000i\000t\000\340\000\040\000d\000e\000l\000\040\000C\000l\000o\000u\000d}{section.3.5}% 60
